<?xml version="1.0" encoding="UTF-8"?>
<!-- Generated by org.testng.reporters.JUnitXMLReporter -->
<testsuite hostname="MSI" ignored="0" name="Default test" tests="5" failures="0" timestamp="2020-02-26T00:55:27 IST" time="0.035" errors="0">
  <testcase name="starttheCar" time="0.006" classname="testNG.DriverACar"/>
  <testcase name="putfirstGear" time="0.001" classname="testNG.DriverACar"/>
  <testcase name="putthirdGear" time="0.001" classname="testNG.DriverACar"/>
  <testcase name="putforthGear" time="0.001" classname="testNG.DriverACar"/>
  <testcase name="putfifthGear" time="0.0" classname="testNG.DriverACar"/>
</testsuite> <!-- Default test -->
